Running the subgraph processing script...
2025-04-15 17:30:18,655 - INFO - Starting subgraph processing...
2025-04-15 17:30:18,656 - INFO - Loading JSON data from: /mnt/parscratch/users/acr24wz/src/src/train_subgraph.json
2025-04-15 17:30:18,850 - INFO -   Loaded 100 lines from /mnt/parscratch/users/acr24wz/src/src/train_subgraph.json...
2025-04-15 17:30:19,056 - INFO -   Loaded 200 lines from /mnt/parscratch/users/acr24wz/src/src/train_subgraph.json...
2025-04-15 17:30:19,193 - INFO -   Loaded 300 lines from /mnt/parscratch/users/acr24wz/src/src/train_subgraph.json...
2025-04-15 17:30:19,352 - INFO -   Loaded 400 lines from /mnt/parscratch/users/acr24wz/src/src/train_subgraph.json...
2025-04-15 17:30:19,519 - INFO -   Loaded 500 lines from /mnt/parscratch/users/acr24wz/src/src/train_subgraph.json...
2025-04-15 17:30:19,720 - INFO -   Loaded 600 lines from /mnt/parscratch/users/acr24wz/src/src/train_subgraph.json...
2025-04-15 17:30:19,928 - INFO -   Loaded 700 lines from /mnt/parscratch/users/acr24wz/src/src/train_subgraph.json...
2025-04-15 17:30:20,021 - INFO -   Loaded 800 lines from /mnt/parscratch/users/acr24wz/src/src/train_subgraph.json...
2025-04-15 17:30:20,249 - INFO -   Loaded 900 lines from /mnt/parscratch/users/acr24wz/src/src/train_subgraph.json...
2025-04-15 17:30:20,347 - INFO -   Loaded 1000 lines from /mnt/parscratch/users/acr24wz/src/src/train_subgraph.json...
2025-04-15 17:30:20,648 - INFO -   Loaded 1100 lines from /mnt/parscratch/users/acr24wz/src/src/train_subgraph.json...
2025-04-15 17:30:20,748 - INFO -   Loaded 1200 lines from /mnt/parscratch/users/acr24wz/src/src/train_subgraph.json...
2025-04-15 17:30:21,110 - INFO -   Loaded 1300 lines from /mnt/parscratch/users/acr24wz/src/src/train_subgraph.json...
2025-04-15 17:30:21,202 - INFO -   Loaded 1400 lines from /mnt/parscratch/users/acr24wz/src/src/train_subgraph.json...
2025-04-15 17:30:21,292 - INFO -   Loaded 1500 lines from /mnt/parscratch/users/acr24wz/src/src/train_subgraph.json...
2025-04-15 17:30:21,733 - INFO -   Loaded 1600 lines from /mnt/parscratch/users/acr24wz/src/src/train_subgraph.json...
2025-04-15 17:30:21,826 - INFO -   Loaded 1700 lines from /mnt/parscratch/users/acr24wz/src/src/train_subgraph.json...
2025-04-15 17:30:21,918 - INFO -   Loaded 1800 lines from /mnt/parscratch/users/acr24wz/src/src/train_subgraph.json...
2025-04-15 17:30:22,004 - INFO -   Loaded 1900 lines from /mnt/parscratch/users/acr24wz/src/src/train_subgraph.json...
2025-04-15 17:30:22,487 - INFO -   Loaded 2000 lines from /mnt/parscratch/users/acr24wz/src/src/train_subgraph.json...
2025-04-15 17:30:22,586 - INFO -   Loaded 2100 lines from /mnt/parscratch/users/acr24wz/src/src/train_subgraph.json...
2025-04-15 17:30:22,684 - INFO -   Loaded 2200 lines from /mnt/parscratch/users/acr24wz/src/src/train_subgraph.json...
2025-04-15 17:30:22,778 - INFO -   Loaded 2300 lines from /mnt/parscratch/users/acr24wz/src/src/train_subgraph.json...
2025-04-15 17:30:23,361 - INFO -   Loaded 2400 lines from /mnt/parscratch/users/acr24wz/src/src/train_subgraph.json...
2025-04-15 17:30:23,441 - INFO -   Loaded 2500 lines from /mnt/parscratch/users/acr24wz/src/src/train_subgraph.json...
2025-04-15 17:30:23,538 - INFO -   Loaded 2600 lines from /mnt/parscratch/users/acr24wz/src/src/train_subgraph.json...
2025-04-15 17:30:23,624 - INFO -   Loaded 2700 lines from /mnt/parscratch/users/acr24wz/src/src/train_subgraph.json...
2025-04-15 17:30:23,715 - INFO -   Loaded 2800 lines from /mnt/parscratch/users/acr24wz/src/src/train_subgraph.json...
2025-04-15 17:30:23,792 - INFO -   Loaded 2900 lines from /mnt/parscratch/users/acr24wz/src/src/train_subgraph.json...
2025-04-15 17:30:23,875 - INFO -   Loaded 3000 lines from /mnt/parscratch/users/acr24wz/src/src/train_subgraph.json...
2025-04-15 17:30:24,618 - INFO -   Loaded 3100 lines from /mnt/parscratch/users/acr24wz/src/src/train_subgraph.json...
2025-04-15 17:30:24,700 - INFO -   Loaded 3200 lines from /mnt/parscratch/users/acr24wz/src/src/train_subgraph.json...
2025-04-15 17:30:24,789 - INFO -   Loaded 3300 lines from /mnt/parscratch/users/acr24wz/src/src/train_subgraph.json...
2025-04-15 17:30:24,874 - INFO -   Loaded 3400 lines from /mnt/parscratch/users/acr24wz/src/src/train_subgraph.json...
2025-04-15 17:30:24,954 - INFO -   Loaded 3500 lines from /mnt/parscratch/users/acr24wz/src/src/train_subgraph.json...
2025-04-15 17:30:25,046 - INFO -   Loaded 3600 lines from /mnt/parscratch/users/acr24wz/src/src/train_subgraph.json...
2025-04-15 17:30:25,143 - INFO -   Loaded 3700 lines from /mnt/parscratch/users/acr24wz/src/src/train_subgraph.json...
2025-04-15 17:30:26,029 - INFO -   Loaded 3800 lines from /mnt/parscratch/users/acr24wz/src/src/train_subgraph.json...
2025-04-15 17:30:26,109 - INFO -   Loaded 3900 lines from /mnt/parscratch/users/acr24wz/src/src/train_subgraph.json...
2025-04-15 17:30:26,192 - INFO -   Loaded 4000 lines from /mnt/parscratch/users/acr24wz/src/src/train_subgraph.json...
2025-04-15 17:30:26,285 - INFO -   Loaded 4100 lines from /mnt/parscratch/users/acr24wz/src/src/train_subgraph.json...
2025-04-15 17:30:26,373 - INFO -   Loaded 4200 lines from /mnt/parscratch/users/acr24wz/src/src/train_subgraph.json...
2025-04-15 17:30:26,460 - INFO -   Loaded 4300 lines from /mnt/parscratch/users/acr24wz/src/src/train_subgraph.json...
2025-04-15 17:30:26,548 - INFO -   Loaded 4400 lines from /mnt/parscratch/users/acr24wz/src/src/train_subgraph.json...
2025-04-15 17:30:26,643 - INFO -   Loaded 4500 lines from /mnt/parscratch/users/acr24wz/src/src/train_subgraph.json...
2025-04-15 17:30:26,713 - INFO -   Loaded 4600 lines from /mnt/parscratch/users/acr24wz/src/src/train_subgraph.json...
2025-04-15 17:30:26,815 - INFO -   Loaded 4700 lines from /mnt/parscratch/users/acr24wz/src/src/train_subgraph.json...
2025-04-15 17:30:27,854 - INFO -   Loaded 4800 lines from /mnt/parscratch/users/acr24wz/src/src/train_subgraph.json...
2025-04-15 17:30:27,971 - INFO -   Loaded 4900 lines from /mnt/parscratch/users/acr24wz/src/src/train_subgraph.json...
2025-04-15 17:30:28,093 - INFO -   Loaded 5000 lines from /mnt/parscratch/users/acr24wz/src/src/train_subgraph.json...
2025-04-15 17:30:28,220 - INFO -   Loaded 5100 lines from /mnt/parscratch/users/acr24wz/src/src/train_subgraph.json...
2025-04-15 17:30:28,326 - INFO -   Loaded 5200 lines from /mnt/parscratch/users/acr24wz/src/src/train_subgraph.json...
2025-04-15 17:30:28,433 - INFO -   Loaded 5300 lines from /mnt/parscratch/users/acr24wz/src/src/train_subgraph.json...
2025-04-15 17:30:28,556 - INFO -   Loaded 5400 lines from /mnt/parscratch/users/acr24wz/src/src/train_subgraph.json...
2025-04-15 17:30:28,666 - INFO -   Loaded 5500 lines from /mnt/parscratch/users/acr24wz/src/src/train_subgraph.json...
2025-04-15 17:30:28,774 - INFO -   Loaded 5600 lines from /mnt/parscratch/users/acr24wz/src/src/train_subgraph.json...
2025-04-15 17:30:28,903 - INFO -   Loaded 5700 lines from /mnt/parscratch/users/acr24wz/src/src/train_subgraph.json...
2025-04-15 17:30:30,589 - INFO -   Loaded 5800 lines from /mnt/parscratch/users/acr24wz/src/src/train_subgraph.json...
2025-04-15 17:30:30,692 - INFO -   Loaded 5900 lines from /mnt/parscratch/users/acr24wz/src/src/train_subgraph.json...
2025-04-15 17:30:30,800 - INFO -   Loaded 6000 lines from /mnt/parscratch/users/acr24wz/src/src/train_subgraph.json...
2025-04-15 17:30:30,904 - INFO -   Loaded 6100 lines from /mnt/parscratch/users/acr24wz/src/src/train_subgraph.json...
2025-04-15 17:30:31,014 - INFO -   Loaded 6200 lines from /mnt/parscratch/users/acr24wz/src/src/train_subgraph.json...
2025-04-15 17:30:31,116 - INFO -   Loaded 6300 lines from /mnt/parscratch/users/acr24wz/src/src/train_subgraph.json...
2025-04-15 17:30:31,220 - INFO -   Loaded 6400 lines from /mnt/parscratch/users/acr24wz/src/src/train_subgraph.json...
2025-04-15 17:30:31,330 - INFO -   Loaded 6500 lines from /mnt/parscratch/users/acr24wz/src/src/train_subgraph.json...
2025-04-15 17:30:31,447 - INFO -   Loaded 6600 lines from /mnt/parscratch/users/acr24wz/src/src/train_subgraph.json...
2025-04-15 17:30:31,570 - INFO -   Loaded 6700 lines from /mnt/parscratch/users/acr24wz/src/src/train_subgraph.json...
2025-04-15 17:30:31,666 - INFO -   Loaded 6800 lines from /mnt/parscratch/users/acr24wz/src/src/train_subgraph.json...
2025-04-15 17:30:31,766 - INFO -   Loaded 6900 lines from /mnt/parscratch/users/acr24wz/src/src/train_subgraph.json...
2025-04-15 17:30:31,868 - INFO -   Loaded 7000 lines from /mnt/parscratch/users/acr24wz/src/src/train_subgraph.json...
2025-04-15 17:30:33,540 - INFO -   Loaded 7100 lines from /mnt/parscratch/users/acr24wz/src/src/train_subgraph.json...
2025-04-15 17:30:33,651 - INFO -   Loaded 7200 lines from /mnt/parscratch/users/acr24wz/src/src/train_subgraph.json...
2025-04-15 17:30:33,756 - INFO -   Loaded 7300 lines from /mnt/parscratch/users/acr24wz/src/src/train_subgraph.json...
2025-04-15 17:30:33,856 - INFO -   Loaded 7400 lines from /mnt/parscratch/users/acr24wz/src/src/train_subgraph.json...
2025-04-15 17:30:33,951 - INFO -   Loaded 7500 lines from /mnt/parscratch/users/acr24wz/src/src/train_subgraph.json...
2025-04-15 17:30:34,047 - INFO -   Loaded 7600 lines from /mnt/parscratch/users/acr24wz/src/src/train_subgraph.json...
2025-04-15 17:30:34,140 - INFO -   Loaded 7700 lines from /mnt/parscratch/users/acr24wz/src/src/train_subgraph.json...
2025-04-15 17:30:34,242 - INFO -   Loaded 7800 lines from /mnt/parscratch/users/acr24wz/src/src/train_subgraph.json...
2025-04-15 17:30:34,351 - INFO -   Loaded 7900 lines from /mnt/parscratch/users/acr24wz/src/src/train_subgraph.json...
2025-04-15 17:30:34,454 - INFO -   Loaded 8000 lines from /mnt/parscratch/users/acr24wz/src/src/train_subgraph.json...
2025-04-15 17:30:34,550 - INFO -   Loaded 8100 lines from /mnt/parscratch/users/acr24wz/src/src/train_subgraph.json...
2025-04-15 17:30:34,656 - INFO -   Loaded 8200 lines from /mnt/parscratch/users/acr24wz/src/src/train_subgraph.json...
2025-04-15 17:30:34,758 - INFO -   Loaded 8300 lines from /mnt/parscratch/users/acr24wz/src/src/train_subgraph.json...
2025-04-15 17:30:34,848 - INFO -   Loaded 8400 lines from /mnt/parscratch/users/acr24wz/src/src/train_subgraph.json...
2025-04-15 17:30:34,950 - INFO -   Loaded 8500 lines from /mnt/parscratch/users/acr24wz/src/src/train_subgraph.json...
2025-04-15 17:30:35,052 - INFO -   Loaded 8600 lines from /mnt/parscratch/users/acr24wz/src/src/train_subgraph.json...
2025-04-15 17:30:37,132 - INFO -   Loaded 8700 lines from /mnt/parscratch/users/acr24wz/src/src/train_subgraph.json...
2025-04-15 17:30:37,236 - INFO -   Loaded 8800 lines from /mnt/parscratch/users/acr24wz/src/src/train_subgraph.json...
2025-04-15 17:30:37,339 - INFO -   Loaded 8900 lines from /mnt/parscratch/users/acr24wz/src/src/train_subgraph.json...
2025-04-15 17:30:37,443 - INFO -   Loaded 9000 lines from /mnt/parscratch/users/acr24wz/src/src/train_subgraph.json...
2025-04-15 17:30:37,552 - INFO -   Loaded 9100 lines from /mnt/parscratch/users/acr24wz/src/src/train_subgraph.json...
2025-04-15 17:30:37,655 - INFO -   Loaded 9200 lines from /mnt/parscratch/users/acr24wz/src/src/train_subgraph.json...
2025-04-15 17:30:37,765 - INFO -   Loaded 9300 lines from /mnt/parscratch/users/acr24wz/src/src/train_subgraph.json...
2025-04-15 17:30:37,871 - INFO -   Loaded 9400 lines from /mnt/parscratch/users/acr24wz/src/src/train_subgraph.json...
2025-04-15 17:30:37,976 - INFO -   Loaded 9500 lines from /mnt/parscratch/users/acr24wz/src/src/train_subgraph.json...
2025-04-15 17:30:38,090 - INFO -   Loaded 9600 lines from /mnt/parscratch/users/acr24wz/src/src/train_subgraph.json...
2025-04-15 17:30:38,195 - INFO -   Loaded 9700 lines from /mnt/parscratch/users/acr24wz/src/src/train_subgraph.json...
2025-04-15 17:30:38,307 - INFO -   Loaded 9800 lines from /mnt/parscratch/users/acr24wz/src/src/train_subgraph.json...
2025-04-15 17:30:38,413 - INFO -   Loaded 9900 lines from /mnt/parscratch/users/acr24wz/src/src/train_subgraph.json...
2025-04-15 17:30:38,519 - INFO -   Loaded 10000 lines from /mnt/parscratch/users/acr24wz/src/src/train_subgraph.json...
2025-04-15 17:30:38,621 - INFO -   Loaded 10100 lines from /mnt/parscratch/users/acr24wz/src/src/train_subgraph.json...
2025-04-15 17:30:38,728 - INFO -   Loaded 10200 lines from /mnt/parscratch/users/acr24wz/src/src/train_subgraph.json...
2025-04-15 17:30:38,821 - INFO -   Loaded 10300 lines from /mnt/parscratch/users/acr24wz/src/src/train_subgraph.json...
2025-04-15 17:30:38,930 - INFO -   Loaded 10400 lines from /mnt/parscratch/users/acr24wz/src/src/train_subgraph.json...
2025-04-15 17:30:39,032 - INFO -   Loaded 10500 lines from /mnt/parscratch/users/acr24wz/src/src/train_subgraph.json...
2025-04-15 17:30:41,647 - INFO -   Loaded 10600 lines from /mnt/parscratch/users/acr24wz/src/src/train_subgraph.json...
2025-04-15 17:30:41,751 - INFO -   Loaded 10700 lines from /mnt/parscratch/users/acr24wz/src/src/train_subgraph.json...
2025-04-15 17:30:41,856 - INFO -   Loaded 10800 lines from /mnt/parscratch/users/acr24wz/src/src/train_subgraph.json...
2025-04-15 17:30:41,960 - INFO -   Loaded 10900 lines from /mnt/parscratch/users/acr24wz/src/src/train_subgraph.json...
2025-04-15 17:30:42,067 - INFO -   Loaded 11000 lines from /mnt/parscratch/users/acr24wz/src/src/train_subgraph.json...
2025-04-15 17:30:42,175 - INFO -   Loaded 11100 lines from /mnt/parscratch/users/acr24wz/src/src/train_subgraph.json...
2025-04-15 17:30:42,284 - INFO -   Loaded 11200 lines from /mnt/parscratch/users/acr24wz/src/src/train_subgraph.json...
2025-04-15 17:30:42,395 - INFO -   Loaded 11300 lines from /mnt/parscratch/users/acr24wz/src/src/train_subgraph.json...
2025-04-15 17:30:42,500 - INFO -   Loaded 11400 lines from /mnt/parscratch/users/acr24wz/src/src/train_subgraph.json...
2025-04-15 17:30:42,608 - INFO -   Loaded 11500 lines from /mnt/parscratch/users/acr24wz/src/src/train_subgraph.json...
2025-04-15 17:30:42,702 - INFO -   Loaded 11600 lines from /mnt/parscratch/users/acr24wz/src/src/train_subgraph.json...
2025-04-15 17:30:42,809 - INFO -   Loaded 11700 lines from /mnt/parscratch/users/acr24wz/src/src/train_subgraph.json...
2025-04-15 17:30:42,916 - INFO -   Loaded 11800 lines from /mnt/parscratch/users/acr24wz/src/src/train_subgraph.json...
2025-04-15 17:30:43,034 - INFO -   Loaded 11900 lines from /mnt/parscratch/users/acr24wz/src/src/train_subgraph.json...
2025-04-15 17:30:43,139 - INFO -   Loaded 12000 lines from /mnt/parscratch/users/acr24wz/src/src/train_subgraph.json...
2025-04-15 17:30:43,236 - INFO -   Loaded 12100 lines from /mnt/parscratch/users/acr24wz/src/src/train_subgraph.json...
2025-04-15 17:30:43,342 - INFO -   Loaded 12200 lines from /mnt/parscratch/users/acr24wz/src/src/train_subgraph.json...
2025-04-15 17:30:43,447 - INFO -   Loaded 12300 lines from /mnt/parscratch/users/acr24wz/src/src/train_subgraph.json...
2025-04-15 17:30:43,555 - INFO -   Loaded 12400 lines from /mnt/parscratch/users/acr24wz/src/src/train_subgraph.json...
2025-04-15 17:30:43,652 - INFO -   Loaded 12500 lines from /mnt/parscratch/users/acr24wz/src/src/train_subgraph.json...
2025-04-15 17:30:43,758 - INFO -   Loaded 12600 lines from /mnt/parscratch/users/acr24wz/src/src/train_subgraph.json...
2025-04-15 17:30:43,869 - INFO -   Loaded 12700 lines from /mnt/parscratch/users/acr24wz/src/src/train_subgraph.json...
2025-04-15 17:30:43,968 - INFO -   Loaded 12800 lines from /mnt/parscratch/users/acr24wz/src/src/train_subgraph.json...
2025-04-15 17:30:44,080 - INFO -   Loaded 12900 lines from /mnt/parscratch/users/acr24wz/src/src/train_subgraph.json...
2025-04-15 17:30:44,197 - INFO -   Loaded 13000 lines from /mnt/parscratch/users/acr24wz/src/src/train_subgraph.json...
2025-04-15 17:30:47,336 - INFO -   Loaded 13100 lines from /mnt/parscratch/users/acr24wz/src/src/train_subgraph.json...
2025-04-15 17:30:47,440 - INFO -   Loaded 13200 lines from /mnt/parscratch/users/acr24wz/src/src/train_subgraph.json...
2025-04-15 17:30:47,558 - INFO -   Loaded 13300 lines from /mnt/parscratch/users/acr24wz/src/src/train_subgraph.json...
2025-04-15 17:30:47,679 - INFO -   Loaded 13400 lines from /mnt/parscratch/users/acr24wz/src/src/train_subgraph.json...
2025-04-15 17:30:47,783 - INFO -   Loaded 13500 lines from /mnt/parscratch/users/acr24wz/src/src/train_subgraph.json...
2025-04-15 17:30:47,897 - INFO -   Loaded 13600 lines from /mnt/parscratch/users/acr24wz/src/src/train_subgraph.json...
2025-04-15 17:30:48,018 - INFO -   Loaded 13700 lines from /mnt/parscratch/users/acr24wz/src/src/train_subgraph.json...
2025-04-15 17:30:48,131 - INFO -   Loaded 13800 lines from /mnt/parscratch/users/acr24wz/src/src/train_subgraph.json...
2025-04-15 17:30:48,245 - INFO -   Loaded 13900 lines from /mnt/parscratch/users/acr24wz/src/src/train_subgraph.json...
2025-04-15 17:30:48,358 - INFO -   Loaded 14000 lines from /mnt/parscratch/users/acr24wz/src/src/train_subgraph.json...
2025-04-15 17:30:48,458 - INFO -   Loaded 14100 lines from /mnt/parscratch/users/acr24wz/src/src/train_subgraph.json...
2025-04-15 17:30:48,562 - INFO -   Loaded 14200 lines from /mnt/parscratch/users/acr24wz/src/src/train_subgraph.json...
2025-04-15 17:30:48,656 - INFO -   Loaded 14300 lines from /mnt/parscratch/users/acr24wz/src/src/train_subgraph.json...
2025-04-15 17:30:48,765 - INFO -   Loaded 14400 lines from /mnt/parscratch/users/acr24wz/src/src/train_subgraph.json...
2025-04-15 17:30:48,869 - INFO -   Loaded 14500 lines from /mnt/parscratch/users/acr24wz/src/src/train_subgraph.json...
2025-04-15 17:30:48,975 - INFO -   Loaded 14600 lines from /mnt/parscratch/users/acr24wz/src/src/train_subgraph.json...
2025-04-15 17:30:49,078 - INFO -   Loaded 14700 lines from /mnt/parscratch/users/acr24wz/src/src/train_subgraph.json...
2025-04-15 17:30:49,189 - INFO -   Loaded 14800 lines from /mnt/parscratch/users/acr24wz/src/src/train_subgraph.json...
2025-04-15 17:30:49,298 - INFO -   Loaded 14900 lines from /mnt/parscratch/users/acr24wz/src/src/train_subgraph.json...
2025-04-15 17:30:49,397 - INFO -   Loaded 15000 lines from /mnt/parscratch/users/acr24wz/src/src/train_subgraph.json...
2025-04-15 17:30:49,501 - INFO -   Loaded 15100 lines from /mnt/parscratch/users/acr24wz/src/src/train_subgraph.json...
2025-04-15 17:30:49,603 - INFO -   Loaded 15200 lines from /mnt/parscratch/users/acr24wz/src/src/train_subgraph.json...
2025-04-15 17:30:49,701 - INFO -   Loaded 15300 lines from /mnt/parscratch/users/acr24wz/src/src/train_subgraph.json...
2025-04-15 17:30:49,809 - INFO -   Loaded 15400 lines from /mnt/parscratch/users/acr24wz/src/src/train_subgraph.json...
2025-04-15 17:30:49,904 - INFO -   Loaded 15500 lines from /mnt/parscratch/users/acr24wz/src/src/train_subgraph.json...
2025-04-15 17:30:50,012 - INFO -   Loaded 15600 lines from /mnt/parscratch/users/acr24wz/src/src/train_subgraph.json...
2025-04-15 17:30:50,114 - INFO -   Loaded 15700 lines from /mnt/parscratch/users/acr24wz/src/src/train_subgraph.json...
2025-04-15 17:30:50,216 - INFO -   Loaded 15800 lines from /mnt/parscratch/users/acr24wz/src/src/train_subgraph.json...
2025-04-15 17:30:50,315 - INFO -   Loaded 15900 lines from /mnt/parscratch/users/acr24wz/src/src/train_subgraph.json...
2025-04-15 17:30:50,424 - INFO -   Loaded 16000 lines from /mnt/parscratch/users/acr24wz/src/src/train_subgraph.json...
2025-04-15 17:30:54,314 - INFO -   Loaded 16100 lines from /mnt/parscratch/users/acr24wz/src/src/train_subgraph.json...
2025-04-15 17:30:54,415 - INFO -   Loaded 16200 lines from /mnt/parscratch/users/acr24wz/src/src/train_subgraph.json...
2025-04-15 17:30:54,518 - INFO -   Loaded 16300 lines from /mnt/parscratch/users/acr24wz/src/src/train_subgraph.json...
2025-04-15 17:30:54,614 - INFO -   Loaded 16400 lines from /mnt/parscratch/users/acr24wz/src/src/train_subgraph.json...
2025-04-15 17:30:54,721 - INFO -   Loaded 16500 lines from /mnt/parscratch/users/acr24wz/src/src/train_subgraph.json...
2025-04-15 17:30:54,812 - INFO -   Loaded 16600 lines from /mnt/parscratch/users/acr24wz/src/src/train_subgraph.json...
2025-04-15 17:30:54,917 - INFO -   Loaded 16700 lines from /mnt/parscratch/users/acr24wz/src/src/train_subgraph.json...
2025-04-15 17:30:55,010 - INFO -   Loaded 16800 lines from /mnt/parscratch/users/acr24wz/src/src/train_subgraph.json...
2025-04-15 17:30:55,110 - INFO -   Loaded 16900 lines from /mnt/parscratch/users/acr24wz/src/src/train_subgraph.json...
2025-04-15 17:30:55,221 - INFO -   Loaded 17000 lines from /mnt/parscratch/users/acr24wz/src/src/train_subgraph.json...
2025-04-15 17:30:55,327 - INFO -   Loaded 17100 lines from /mnt/parscratch/users/acr24wz/src/src/train_subgraph.json...
2025-04-15 17:30:55,434 - INFO -   Loaded 17200 lines from /mnt/parscratch/users/acr24wz/src/src/train_subgraph.json...
2025-04-15 17:30:55,535 - INFO -   Loaded 17300 lines from /mnt/parscratch/users/acr24wz/src/src/train_subgraph.json...
2025-04-15 17:30:55,637 - INFO -   Loaded 17400 lines from /mnt/parscratch/users/acr24wz/src/src/train_subgraph.json...
2025-04-15 17:30:55,737 - INFO -   Loaded 17500 lines from /mnt/parscratch/users/acr24wz/src/src/train_subgraph.json...
2025-04-15 17:30:55,842 - INFO -   Loaded 17600 lines from /mnt/parscratch/users/acr24wz/src/src/train_subgraph.json...
2025-04-15 17:30:55,944 - INFO -   Loaded 17700 lines from /mnt/parscratch/users/acr24wz/src/src/train_subgraph.json...
2025-04-15 17:30:56,038 - INFO -   Loaded 17800 lines from /mnt/parscratch/users/acr24wz/src/src/train_subgraph.json...
2025-04-15 17:30:56,151 - INFO -   Loaded 17900 lines from /mnt/parscratch/users/acr24wz/src/src/train_subgraph.json...
2025-04-15 17:30:56,260 - INFO -   Loaded 18000 lines from /mnt/parscratch/users/acr24wz/src/src/train_subgraph.json...
2025-04-15 17:30:56,366 - INFO -   Loaded 18100 lines from /mnt/parscratch/users/acr24wz/src/src/train_subgraph.json...
2025-04-15 17:30:56,460 - INFO -   Loaded 18200 lines from /mnt/parscratch/users/acr24wz/src/src/train_subgraph.json...
2025-04-15 17:30:56,564 - INFO -   Loaded 18300 lines from /mnt/parscratch/users/acr24wz/src/src/train_subgraph.json...
2025-04-15 17:30:56,677 - INFO -   Loaded 18400 lines from /mnt/parscratch/users/acr24wz/src/src/train_subgraph.json...
2025-04-15 17:30:56,769 - INFO -   Loaded 18500 lines from /mnt/parscratch/users/acr24wz/src/src/train_subgraph.json...
2025-04-15 17:30:56,875 - INFO -   Loaded 18600 lines from /mnt/parscratch/users/acr24wz/src/src/train_subgraph.json...
2025-04-15 17:30:56,974 - INFO -   Loaded 18700 lines from /mnt/parscratch/users/acr24wz/src/src/train_subgraph.json...
2025-04-15 17:30:57,078 - INFO -   Loaded 18800 lines from /mnt/parscratch/users/acr24wz/src/src/train_subgraph.json...
2025-04-15 17:30:57,184 - INFO -   Loaded 18900 lines from /mnt/parscratch/users/acr24wz/src/src/train_subgraph.json...
2025-04-15 17:30:57,279 - INFO -   Loaded 19000 lines from /mnt/parscratch/users/acr24wz/src/src/train_subgraph.json...
2025-04-15 17:30:57,385 - INFO -   Loaded 19100 lines from /mnt/parscratch/users/acr24wz/src/src/train_subgraph.json...
2025-04-15 17:30:57,494 - INFO -   Loaded 19200 lines from /mnt/parscratch/users/acr24wz/src/src/train_subgraph.json...
2025-04-15 17:30:57,603 - INFO -   Loaded 19300 lines from /mnt/parscratch/users/acr24wz/src/src/train_subgraph.json...
2025-04-15 17:30:57,697 - INFO -   Loaded 19400 lines from /mnt/parscratch/users/acr24wz/src/src/train_subgraph.json...
2025-04-15 17:30:57,798 - INFO -   Loaded 19500 lines from /mnt/parscratch/users/acr24wz/src/src/train_subgraph.json...
2025-04-15 17:30:57,906 - INFO -   Loaded 19600 lines from /mnt/parscratch/users/acr24wz/src/src/train_subgraph.json...
2025-04-15 17:30:58,001 - INFO -   Loaded 19700 lines from /mnt/parscratch/users/acr24wz/src/src/train_subgraph.json...
2025-04-15 17:30:58,103 - INFO -   Loaded 19800 lines from /mnt/parscratch/users/acr24wz/src/src/train_subgraph.json...
2025-04-15 17:31:02,729 - INFO -   Loaded 19900 lines from /mnt/parscratch/users/acr24wz/src/src/train_subgraph.json...
2025-04-15 17:31:02,829 - INFO -   Loaded 20000 lines from /mnt/parscratch/users/acr24wz/src/src/train_subgraph.json...
2025-04-15 17:31:02,926 - INFO -   Loaded 20100 lines from /mnt/parscratch/users/acr24wz/src/src/train_subgraph.json...
2025-04-15 17:31:03,045 - INFO -   Loaded 20200 lines from /mnt/parscratch/users/acr24wz/src/src/train_subgraph.json...
2025-04-15 17:31:03,156 - INFO -   Loaded 20300 lines from /mnt/parscratch/users/acr24wz/src/src/train_subgraph.json...
2025-04-15 17:31:03,265 - INFO -   Loaded 20400 lines from /mnt/parscratch/users/acr24wz/src/src/train_subgraph.json...
2025-04-15 17:31:03,365 - INFO -   Loaded 20500 lines from /mnt/parscratch/users/acr24wz/src/src/train_subgraph.json...
2025-04-15 17:31:03,465 - INFO -   Loaded 20600 lines from /mnt/parscratch/users/acr24wz/src/src/train_subgraph.json...
2025-04-15 17:31:03,580 - INFO -   Loaded 20700 lines from /mnt/parscratch/users/acr24wz/src/src/train_subgraph.json...
2025-04-15 17:31:03,680 - INFO -   Loaded 20800 lines from /mnt/parscratch/users/acr24wz/src/src/train_subgraph.json...
2025-04-15 17:31:03,790 - INFO -   Loaded 20900 lines from /mnt/parscratch/users/acr24wz/src/src/train_subgraph.json...
2025-04-15 17:31:03,890 - INFO -   Loaded 21000 lines from /mnt/parscratch/users/acr24wz/src/src/train_subgraph.json...
2025-04-15 17:31:03,981 - INFO -   Loaded 21100 lines from /mnt/parscratch/users/acr24wz/src/src/train_subgraph.json...
2025-04-15 17:31:04,080 - INFO -   Loaded 21200 lines from /mnt/parscratch/users/acr24wz/src/src/train_subgraph.json...
2025-04-15 17:31:04,182 - INFO -   Loaded 21300 lines from /mnt/parscratch/users/acr24wz/src/src/train_subgraph.json...
2025-04-15 17:31:04,289 - INFO -   Loaded 21400 lines from /mnt/parscratch/users/acr24wz/src/src/train_subgraph.json...
2025-04-15 17:31:04,404 - INFO -   Loaded 21500 lines from /mnt/parscratch/users/acr24wz/src/src/train_subgraph.json...
2025-04-15 17:31:04,496 - INFO -   Loaded 21600 lines from /mnt/parscratch/users/acr24wz/src/src/train_subgraph.json...
2025-04-15 17:31:04,609 - INFO -   Loaded 21700 lines from /mnt/parscratch/users/acr24wz/src/src/train_subgraph.json...
2025-04-15 17:31:04,711 - INFO -   Loaded 21800 lines from /mnt/parscratch/users/acr24wz/src/src/train_subgraph.json...
2025-04-15 17:31:04,827 - INFO -   Loaded 21900 lines from /mnt/parscratch/users/acr24wz/src/src/train_subgraph.json...
2025-04-15 17:31:04,925 - INFO -   Loaded 22000 lines from /mnt/parscratch/users/acr24wz/src/src/train_subgraph.json...
2025-04-15 17:31:05,026 - INFO -   Loaded 22100 lines from /mnt/parscratch/users/acr24wz/src/src/train_subgraph.json...
2025-04-15 17:31:05,116 - INFO -   Loaded 22200 lines from /mnt/parscratch/users/acr24wz/src/src/train_subgraph.json...
2025-04-15 17:31:05,196 - INFO -   Loaded 22300 lines from /mnt/parscratch/users/acr24wz/src/src/train_subgraph.json...
2025-04-15 17:31:05,279 - INFO -   Loaded 22400 lines from /mnt/parscratch/users/acr24wz/src/src/train_subgraph.json...
2025-04-15 17:31:05,368 - INFO -   Loaded 22500 lines from /mnt/parscratch/users/acr24wz/src/src/train_subgraph.json...
2025-04-15 17:31:05,467 - INFO -   Loaded 22600 lines from /mnt/parscratch/users/acr24wz/src/src/train_subgraph.json...
2025-04-15 17:31:05,549 - INFO -   Loaded 22700 lines from /mnt/parscratch/users/acr24wz/src/src/train_subgraph.json...
2025-04-15 17:31:05,653 - INFO -   Loaded 22800 lines from /mnt/parscratch/users/acr24wz/src/src/train_subgraph.json...
2025-04-15 17:31:05,754 - INFO -   Loaded 22900 lines from /mnt/parscratch/users/acr24wz/src/src/train_subgraph.json...
2025-04-15 17:31:05,858 - INFO -   Loaded 23000 lines from /mnt/parscratch/users/acr24wz/src/src/train_subgraph.json...
2025-04-15 17:31:05,963 - INFO -   Loaded 23100 lines from /mnt/parscratch/users/acr24wz/src/src/train_subgraph.json...
2025-04-15 17:31:06,076 - INFO -   Loaded 23200 lines from /mnt/parscratch/users/acr24wz/src/src/train_subgraph.json...
2025-04-15 17:31:06,171 - INFO -   Loaded 23300 lines from /mnt/parscratch/users/acr24wz/src/src/train_subgraph.json...
2025-04-15 17:31:06,283 - INFO -   Loaded 23400 lines from /mnt/parscratch/users/acr24wz/src/src/train_subgraph.json...
2025-04-15 17:31:06,406 - INFO -   Loaded 23500 lines from /mnt/parscratch/users/acr24wz/src/src/train_subgraph.json...
2025-04-15 17:31:06,511 - INFO -   Loaded 23600 lines from /mnt/parscratch/users/acr24wz/src/src/train_subgraph.json...
2025-04-15 17:31:06,620 - INFO -   Loaded 23700 lines from /mnt/parscratch/users/acr24wz/src/src/train_subgraph.json...
2025-04-15 17:31:06,735 - INFO -   Loaded 23800 lines from /mnt/parscratch/users/acr24wz/src/src/train_subgraph.json...
2025-04-15 17:31:06,834 - INFO -   Loaded 23900 lines from /mnt/parscratch/users/acr24wz/src/src/train_subgraph.json...
2025-04-15 17:31:06,946 - INFO -   Loaded 24000 lines from /mnt/parscratch/users/acr24wz/src/src/train_subgraph.json...
2025-04-15 17:31:07,048 - INFO -   Loaded 24100 lines from /mnt/parscratch/users/acr24wz/src/src/train_subgraph.json...
2025-04-15 17:31:07,162 - INFO -   Loaded 24200 lines from /mnt/parscratch/users/acr24wz/src/src/train_subgraph.json...
2025-04-15 17:31:07,271 - INFO -   Loaded 24300 lines from /mnt/parscratch/users/acr24wz/src/src/train_subgraph.json...
2025-04-15 17:31:07,385 - INFO -   Loaded 24400 lines from /mnt/parscratch/users/acr24wz/src/src/train_subgraph.json...
2025-04-15 17:31:07,486 - INFO -   Loaded 24500 lines from /mnt/parscratch/users/acr24wz/src/src/train_subgraph.json...
2025-04-15 17:31:07,600 - INFO -   Loaded 24600 lines from /mnt/parscratch/users/acr24wz/src/src/train_subgraph.json...
2025-04-15 17:31:13,391 - INFO -   Loaded 24700 lines from /mnt/parscratch/users/acr24wz/src/src/train_subgraph.json...
2025-04-15 17:31:13,526 - INFO -   Loaded 24800 lines from /mnt/parscratch/users/acr24wz/src/src/train_subgraph.json...
2025-04-15 17:31:13,643 - INFO -   Loaded 24900 lines from /mnt/parscratch/users/acr24wz/src/src/train_subgraph.json...
2025-04-15 17:31:13,735 - INFO -   Loaded 25000 lines from /mnt/parscratch/users/acr24wz/src/src/train_subgraph.json...
2025-04-15 17:31:13,819 - INFO -   Loaded 25100 lines from /mnt/parscratch/users/acr24wz/src/src/train_subgraph.json...
2025-04-15 17:31:13,897 - INFO -   Loaded 25200 lines from /mnt/parscratch/users/acr24wz/src/src/train_subgraph.json...
2025-04-15 17:31:14,000 - INFO -   Loaded 25300 lines from /mnt/parscratch/users/acr24wz/src/src/train_subgraph.json...
2025-04-15 17:31:14,089 - INFO -   Loaded 25400 lines from /mnt/parscratch/users/acr24wz/src/src/train_subgraph.json...
2025-04-15 17:31:14,184 - INFO -   Loaded 25500 lines from /mnt/parscratch/users/acr24wz/src/src/train_subgraph.json...
2025-04-15 17:31:14,289 - INFO -   Loaded 25600 lines from /mnt/parscratch/users/acr24wz/src/src/train_subgraph.json...
2025-04-15 17:31:14,388 - INFO -   Loaded 25700 lines from /mnt/parscratch/users/acr24wz/src/src/train_subgraph.json...
2025-04-15 17:31:14,487 - INFO -   Loaded 25800 lines from /mnt/parscratch/users/acr24wz/src/src/train_subgraph.json...
2025-04-15 17:31:14,585 - INFO -   Loaded 25900 lines from /mnt/parscratch/users/acr24wz/src/src/train_subgraph.json...
2025-04-15 17:31:14,686 - INFO -   Loaded 26000 lines from /mnt/parscratch/users/acr24wz/src/src/train_subgraph.json...
2025-04-15 17:31:14,772 - INFO -   Loaded 26100 lines from /mnt/parscratch/users/acr24wz/src/src/train_subgraph.json...
2025-04-15 17:31:14,875 - INFO -   Loaded 26200 lines from /mnt/parscratch/users/acr24wz/src/src/train_subgraph.json...
2025-04-15 17:31:14,979 - INFO -   Loaded 26300 lines from /mnt/parscratch/users/acr24wz/src/src/train_subgraph.json...
2025-04-15 17:31:15,088 - INFO -   Loaded 26400 lines from /mnt/parscratch/users/acr24wz/src/src/train_subgraph.json...
2025-04-15 17:31:15,202 - INFO -   Loaded 26500 lines from /mnt/parscratch/users/acr24wz/src/src/train_subgraph.json...
2025-04-15 17:31:15,316 - INFO -   Loaded 26600 lines from /mnt/parscratch/users/acr24wz/src/src/train_subgraph.json...
2025-04-15 17:31:15,414 - INFO -   Loaded 26700 lines from /mnt/parscratch/users/acr24wz/src/src/train_subgraph.json...
2025-04-15 17:31:15,515 - INFO -   Loaded 26800 lines from /mnt/parscratch/users/acr24wz/src/src/train_subgraph.json...
2025-04-15 17:31:15,622 - INFO -   Loaded 26900 lines from /mnt/parscratch/users/acr24wz/src/src/train_subgraph.json...
2025-04-15 17:31:15,724 - INFO -   Loaded 27000 lines from /mnt/parscratch/users/acr24wz/src/src/train_subgraph.json...
2025-04-15 17:31:15,820 - INFO -   Loaded 27100 lines from /mnt/parscratch/users/acr24wz/src/src/train_subgraph.json...
2025-04-15 17:31:15,921 - INFO -   Loaded 27200 lines from /mnt/parscratch/users/acr24wz/src/src/train_subgraph.json...
2025-04-15 17:31:16,024 - INFO -   Loaded 27300 lines from /mnt/parscratch/users/acr24wz/src/src/train_subgraph.json...
2025-04-15 17:31:16,138 - INFO -   Loaded 27400 lines from /mnt/parscratch/users/acr24wz/src/src/train_subgraph.json...
2025-04-15 17:31:16,240 - INFO -   Loaded 27500 lines from /mnt/parscratch/users/acr24wz/src/src/train_subgraph.json...
2025-04-15 17:31:16,346 - INFO -   Loaded 27600 lines from /mnt/parscratch/users/acr24wz/src/src/train_subgraph.json...
2025-04-15 17:31:16,395 - INFO - Successfully loaded 27639 objects from: /mnt/parscratch/users/acr24wz/src/src/train_subgraph.json
2025-04-15 17:31:16,395 - INFO - Loading JSON data from: /mnt/parscratch/users/acr24wz/src/src/entities.json
2025-04-15 17:31:16,406 - ERROR - Error decoding JSON on line 1 in /mnt/parscratch/users/acr24wz/src/src/entities.json: Expecting property name enclosed in double quotes: line 1 column 2 (char 1)
2025-04-15 17:31:16,406 - ERROR - Problematic line content: {...
2025-04-15 17:31:16,406 - ERROR - An unexpected error occurred while loading /mnt/parscratch/users/acr24wz/src/src/entities.json: Expecting property name enclosed in double quotes: line 1 column 2 (char 1)
Traceback (most recent call last):
  File "/mnt/parscratch/users/acr24wz/ETU/graph_to_path/process_subgraph.py", line 277, in <module>
    process_subgraphs(
  File "/mnt/parscratch/users/acr24wz/ETU/graph_to_path/process_subgraph.py", line 123, in process_subgraphs
    kb_id_map = load_json(kb_id_map_file) # Expected: {"kb_id_str": entity_int_id}
                ^^^^^^^^^^^^^^^^^^^^^^^^^
  File "/mnt/parscratch/users/acr24wz/ETU/graph_to_path/process_subgraph.py", line 27, in load_json
    data.append(json.loads(line))
                ^^^^^^^^^^^^^^^^
  File "/users/acr24wz/.conda/envs/etu/lib/python3.11/json/__init__.py", line 346, in loads
    return _default_decoder.decode(s)
           ^^^^^^^^^^^^^^^^^^^^^^^^^^
  File "/users/acr24wz/.conda/envs/etu/lib/python3.11/json/decoder.py", line 337, in decode
    obj, end = self.raw_decode(s, idx=_w(s, 0).end())
               ^^^^^^^^^^^^^^^^^^^^^^^^^^^^^^^^^^^^^^
  File "/users/acr24wz/.conda/envs/etu/lib/python3.11/json/decoder.py", line 353, in raw_decode
    obj, end = self.scan_once(s, idx)
               ^^^^^^^^^^^^^^^^^^^^^^
json.decoder.JSONDecodeError: Expecting property name enclosed in double quotes: line 1 column 2 (char 1)
Script finished. Output saved to /mnt/parscratch/users/acr24wz/src/src/output/train_output.json
